TN:
SF:src/App.jsx
FN:10,(anonymous_0)
FN:21,(anonymous_1)
FN:25,(anonymous_2)
FN:42,(anonymous_3)
FN:54,(anonymous_4)
FN:67,(anonymous_5)
FN:68,(anonymous_6)
FN:77,(anonymous_7)
FN:90,(anonymous_8)
FN:91,(anonymous_9)
FN:100,(anonymous_10)
FN:102,(anonymous_11)
FN:106,(anonymous_12)
FN:107,(anonymous_13)
FN:131,(anonymous_14)
FN:133,(anonymous_15)
FN:137,(anonymous_16)
FN:138,(anonymous_17)
FN:162,(anonymous_18)
FN:170,(anonymous_19)
FN:201,(anonymous_20)
FN:208,(anonymous_21)
FN:226,(anonymous_22)
FN:232,(anonymous_23)
FN:234,(anonymous_24)
FNF:25
FNH:5
FNDA:2,(anonymous_0)
FNDA:2,(anonymous_1)
FNDA:2,(anonymous_2)
FNDA:0,(anonymous_3)
FNDA:0,(anonymous_4)
FNDA:0,(anonymous_5)
FNDA:0,(anonymous_6)
FNDA:0,(anonymous_7)
FNDA:0,(anonymous_8)
FNDA:0,(anonymous_9)
FNDA:0,(anonymous_10)
FNDA:0,(anonymous_11)
FNDA:0,(anonymous_12)
FNDA:0,(anonymous_13)
FNDA:0,(anonymous_14)
FNDA:0,(anonymous_15)
FNDA:0,(anonymous_16)
FNDA:0,(anonymous_17)
FNDA:3,(anonymous_18)
FNDA:0,(anonymous_19)
FNDA:0,(anonymous_20)
FNDA:0,(anonymous_21)
FNDA:7,(anonymous_22)
FNDA:0,(anonymous_23)
FNDA:0,(anonymous_24)
DA:11,2
DA:12,2
DA:22,2
DA:25,2
DA:26,2
DA:27,2
DA:28,0
DA:29,0
DA:30,0
DA:35,2
DA:36,2
DA:42,2
DA:43,0
DA:44,0
DA:45,0
DA:47,0
DA:49,0
DA:50,0
DA:54,2
DA:55,0
DA:56,0
DA:67,0
DA:69,0
DA:73,0
DA:77,2
DA:78,0
DA:79,0
DA:90,0
DA:92,0
DA:96,0
DA:100,2
DA:101,0
DA:102,0
DA:104,0
DA:106,0
DA:108,0
DA:113,0
DA:114,0
DA:125,0
DA:127,0
DA:131,2
DA:132,0
DA:133,0
DA:135,0
DA:137,0
DA:139,0
DA:144,0
DA:145,0
DA:156,0
DA:158,0
DA:162,2
DA:163,3
DA:170,2
DA:171,0
DA:173,0
DA:175,0
DA:177,0
DA:178,0
DA:185,0
DA:192,0
DA:193,0
DA:201,2
DA:202,0
DA:208,2
DA:209,0
DA:210,0
DA:217,0
DA:219,0
DA:222,0
DA:227,7
DA:230,7
DA:231,7
DA:232,5
DA:233,2
DA:234,1
DA:235,1
DA:236,1
DA:239,7
LF:78
LH:27
BRDA:69,0,0,0
BRDA:69,0,1,0
BRDA:92,1,0,0
BRDA:92,1,1,0
BRDA:108,2,0,0
BRDA:108,2,1,0
BRDA:139,3,0,0
BRDA:139,3,1,0
BRDA:177,4,0,0
BRDA:177,4,1,0
BRDA:217,5,0,0
BRDA:217,5,1,0
BRDA:231,6,0,5
BRDA:231,6,1,2
BRDA:233,7,0,1
BRDA:233,7,1,1
BRDA:235,8,0,1
BRDA:235,8,1,0
BRDA:241,9,0,7
BRDA:241,9,1,7
BRDA:253,10,0,2
BRDA:253,10,1,5
BRDA:258,11,0,5
BRDA:258,11,1,0
BRDA:260,12,0,5
BRDA:260,12,1,2
BRDA:260,12,2,4
BRF:27
BRH:13
end_of_record
TN:
SF:src/components/ActivityFeed/ActivityFeed.jsx
FN:5,(anonymous_0)
FN:8,(anonymous_1)
FN:30,(anonymous_2)
FN:39,(anonymous_3)
FN:54,(anonymous_4)
FN:60,(anonymous_5)
FN:64,(anonymous_6)
FN:97,(anonymous_7)
FNF:8
FNH:6
FNDA:7,(anonymous_0)
FNDA:2,(anonymous_1)
FNDA:2,(anonymous_2)
FNDA:7,(anonymous_3)
FNDA:1,(anonymous_4)
FNDA:2,(anonymous_5)
FNDA:0,(anonymous_6)
FNDA:0,(anonymous_7)
DA:5,2
DA:6,7
DA:8,7
DA:10,2
DA:11,2
DA:18,2
DA:19,1
DA:23,2
DA:26,7
DA:30,2
DA:31,2
DA:32,2
DA:39,2
DA:41,7
DA:43,7
DA:55,1
DA:61,2
DA:64,0
DA:98,0
DA:99,0
LF:20
LH:17
BRDA:18,0,0,1
BRDA:18,0,1,1
BRDA:47,1,0,6
BRDA:47,1,1,1
BRDA:63,2,0,0
BRDA:63,2,1,2
BRDA:68,3,0,1
BRDA:68,3,1,1
BRDA:82,4,0,2
BRDA:82,4,1,0
BRDA:82,4,2,0
BRDA:83,5,0,2
BRDA:83,5,1,0
BRDA:84,6,0,2
BRDA:84,6,1,0
BRDA:84,6,2,0
BRDA:87,7,0,2
BRDA:87,7,1,2
BRDA:99,8,0,0
BRDA:99,8,1,0
BRDA:102,9,0,0
BRDA:102,9,1,2
BRF:22
BRH:13
end_of_record
TN:
SF:src/components/ArchiveActions/ArchiveActions.jsx
FN:4,(anonymous_0)
FNF:1
FNH:1
FNDA:4,(anonymous_0)
DA:4,1
DA:5,4
LF:2
LH:2
BRDA:7,0,0,1
BRDA:7,0,1,3
BRF:2
BRH:2
end_of_record
TN:
SF:src/components/CallDetail/CallDetail.jsx
FN:4,(anonymous_0)
FN:7,(anonymous_1)
FN:21,(anonymous_2)
FNF:3
FNH:3
FNDA:3,(anonymous_0)
FNDA:2,(anonymous_1)
FNDA:2,(anonymous_2)
DA:4,2
DA:5,3
DA:7,2
DA:8,2
DA:9,2
DA:21,2
DA:22,2
DA:23,2
DA:25,0
DA:29,2
LF:10
LH:9
BRDA:5,0,0,1
BRDA:5,0,1,2
BRDA:22,1,0,2
BRDA:22,1,1,0
BRDA:23,2,0,0
BRDA:23,2,1,2
BRDA:34,3,0,2
BRDA:34,3,1,0
BRDA:45,4,0,2
BRDA:45,4,1,0
BRDA:54,5,0,2
BRDA:54,5,1,0
BRDA:58,6,0,2
BRDA:58,6,1,0
BRDA:62,7,0,2
BRDA:62,7,1,0
BRDA:66,8,0,2
BRDA:66,8,1,0
BRDA:70,9,0,0
BRDA:70,9,1,2
BRDA:74,10,0,0
BRDA:74,10,1,2
BRF:22
BRH:12
end_of_record
TN:
SF:src/components/Header/Header.jsx
FN:4,(anonymous_0)
FN:30,(anonymous_1)
FN:36,(anonymous_2)
FN:42,(anonymous_3)
FNF:4
FNH:4
FNDA:11,(anonymous_0)
FNDA:1,(anonymous_1)
FNDA:2,(anonymous_2)
FNDA:1,(anonymous_3)
DA:4,2
DA:5,11
DA:30,1
DA:36,2
DA:42,1
LF:5
LH:5
BRDA:7,0,0,2
BRDA:7,0,1,9
BRDA:29,1,0,7
BRDA:29,1,1,2
BRDA:35,2,0,1
BRDA:35,2,1,8
BRDA:41,3,0,1
BRDA:41,3,1,8
BRF:8
BRH:8
end_of_record
TN:
SF:src/components/Navigation/Navigation.jsx
FN:4,(anonymous_0)
FN:8,(anonymous_1)
FN:19,(anonymous_2)
FN:28,(anonymous_3)
FN:42,(anonymous_4)
FNF:5
FNH:1
FNDA:7,(anonymous_0)
FNDA:0,(anonymous_1)
FNDA:0,(anonymous_2)
FNDA:0,(anonymous_3)
FNDA:0,(anonymous_4)
DA:4,1
DA:5,7
DA:8,0
LF:3
LH:2
BRDA:9,0,0,5
BRDA:9,0,1,2
BRF:2
BRH:2
end_of_record
TN:
SF:src/constants/index.js
FN:21,(anonymous_0)
FN:22,(anonymous_1)
FNF:2
FNH:0
FNDA:0,(anonymous_0)
FNDA:0,(anonymous_1)
DA:1,3
DA:8,3
DA:14,3
DA:19,3
DA:21,0
DA:22,0
LF:6
LH:4
BRF:0
BRH:0
end_of_record
TN:
SF:src/mocks/handlers.js
FN:37,(anonymous_0)
FN:41,(anonymous_1)
FN:45,(anonymous_2)
FN:49,(anonymous_3)
FN:53,(anonymous_4)
FN:57,(anonymous_5)
FN:61,(anonymous_6)
FN:65,(anonymous_7)
FNF:8
FNH:1
FNDA:0,(anonymous_0)
FNDA:2,(anonymous_1)
FNDA:0,(anonymous_2)
FNDA:0,(anonymous_3)
FNDA:0,(anonymous_4)
FNDA:0,(anonymous_5)
FNDA:0,(anonymous_6)
FNDA:0,(anonymous_7)
DA:3,4
DA:35,4
DA:38,0
DA:42,2
DA:46,0
DA:50,0
DA:54,0
DA:58,0
DA:62,0
DA:66,0
LF:10
LH:3
BRF:0
BRH:0
end_of_record
TN:
SF:src/mocks/server.js
FNF:0
FNH:0
DA:5,4
LF:1
LH:1
BRF:0
BRH:0
end_of_record
